<?xml version="1.0" encoding="UTF-8"?>
<!-- Generated by org.testng.reporters.JUnitReportReporter -->
<testsuite hostname="SLB-2TZTXT2" failures="0" tests="2" name="com.APITesting.POST_Test01" time="2.244" errors="0" timestamp="2021-05-01T16:59:49 IST" skipped="0">
  <testcase classname="com.APITesting.POST_Test01" name="testcase1" time="0.009"/>
  <system-out/>
  <testcase classname="com.APITesting.POST_Test01" name="testcase2" time="2.235"/>
  <system-out/>
</testsuite> <!-- com.APITesting.POST_Test01 -->
