<?xml version="1.0" encoding="UTF-8"?>
<!-- Generated by org.testng.reporters.JUnitReportReporter -->
<testsuite hostname="SLB-2TZTXT2" failures="0" tests="1" name="com.APITesting.GET_Test01" time="3.049" errors="0" timestamp="2021-09-23T18:36:18 IST" skipped="0">
  <testcase classname="com.APITesting.GET_Test01" name="testcase2" time="3.049"/>
  <system-out/>
</testsuite> <!-- com.APITesting.GET_Test01 -->
