<?xml version="1.0" encoding="UTF-8"?>
<!-- Generated by org.testng.reporters.JUnitReportReporter -->
<testsuite hostname="SLB-2TZTXT2" failures="0" tests="1" name="testHTTP.SampleTest" time="2.505" errors="0" timestamp="2021-11-10T11:14:06 IST" skipped="0">
  <testcase classname="testHTTP.SampleTest" name="getMethod" time="2.505"/>
  <system-out/>
</testsuite> <!-- testHTTP.SampleTest -->
