<?xml version="1.0" encoding="UTF-8"?>
<!-- Generated by org.testng.reporters.JUnitReportReporter -->
<testsuite hostname="SLB-2TZTXT2" failures="0" tests="1" name="apitest_Demo.FirstAPI" time="3.024" errors="0" timestamp="2020-11-07T18:58:03 IST" skipped="0">
  <testcase classname="apitest_Demo.FirstAPI" name="testBody" time="3.024"/>
  <system-out/>
</testsuite> <!-- apitest_Demo.FirstAPI -->
